2023-09-24 20:07:18,008 DEBUG - Starting WinSW in console mode
2023-09-24 20:10:39,502 DEBUG - Starting WinSW in console mode
2023-09-24 20:16:11,607 DEBUG - Starting WinSW in console mode
2023-09-24 20:18:16,826 DEBUG - Starting WinSW in console mode
2023-09-24 20:19:26,237 DEBUG - Starting WinSW in console mode
2023-09-24 20:21:44,275 DEBUG - Starting WinSW in console mode
2023-09-24 20:21:46,180 DEBUG - Starting WinSW in console mode
2023-09-24 20:27:50,250 DEBUG - Starting WinSW in console mode
2023-09-24 20:29:17,487 DEBUG - Starting WinSW in console mode
2023-09-24 20:34:44,804 DEBUG - Starting WinSW in console mode
2023-09-24 20:37:13,949 DEBUG - Starting WinSW in console mode
2023-09-24 20:50:55,153 DEBUG - Starting WinSW in console mode
2023-09-24 21:27:14,880 DEBUG - Starting WinSW in console mode
2023-09-24 21:29:31,522 DEBUG - Starting WinSW in console mode
2023-09-24 21:32:31,612 DEBUG - Starting WinSW in console mode
2023-09-24 21:34:57,495 DEBUG - Starting WinSW in console mode
2023-09-24 21:37:15,439 DEBUG - Starting WinSW in console mode
2023-09-24 21:37:18,060 DEBUG - Starting WinSW in console mode
2023-09-24 21:37:18,079 INFO  - Installing service 'SonarQube (SonarQube)'...
2023-09-24 21:37:18,100 INFO  - Service 'SonarQube (SonarQube)' was installed successfully.
2023-09-24 21:38:19,738 DEBUG - Starting WinSW in service mode
2023-09-24 21:38:19,765 INFO  - Starting C:\Program Files\Java\jdk-21\bin\java.exe  -Xms8m -Xmx32m -Djava.awt.headless=true --add-exports=java.base/jdk.internal.ref=ALL-UNNAMED --add-opens=java.base/java.lang=ALL-UNNAMED --add-opens=java.base/java.nio=ALL-UNNAMED --add-opens=java.base/sun.nio.ch=ALL-UNNAMED --add-opens=java.management/sun.management=ALL-UNNAMED --add-opens=jdk.management/com.sun.management.internal=ALL-UNNAMED -cp "..\..\..\lib\sonar-application-9.9.2.77730.jar" "org.sonar.application.App" 
2023-09-24 21:38:19,793 INFO  - Started process 4316
2023-09-24 21:38:19,802 DEBUG - Forwarding logs of the process System.Diagnostics.Process (java) to WinSW.IgnoreLogAppender
2023-09-24 21:40:14,184 DEBUG - Starting WinSW in service mode
2023-09-24 21:40:14,213 INFO  - Starting C:\Program Files\Java\jdk-21\bin\java.exe  -Xms8m -Xmx32m -Djava.awt.headless=true --add-exports=java.base/jdk.internal.ref=ALL-UNNAMED --add-opens=java.base/java.lang=ALL-UNNAMED --add-opens=java.base/java.nio=ALL-UNNAMED --add-opens=java.base/sun.nio.ch=ALL-UNNAMED --add-opens=java.management/sun.management=ALL-UNNAMED --add-opens=jdk.management/com.sun.management.internal=ALL-UNNAMED -cp "..\..\..\lib\sonar-application-9.9.2.77730.jar" "org.sonar.application.App" 
2023-09-24 21:40:14,227 INFO  - Started process 14712
2023-09-24 21:40:14,230 DEBUG - Forwarding logs of the process System.Diagnostics.Process (java) to WinSW.IgnoreLogAppender
2023-09-24 21:46:29,957 DEBUG - Starting WinSW in service mode
2023-09-24 21:46:29,977 INFO  - Starting C:\Program Files\Java\jdk-21\bin\java.exe  -Xms8m -Xmx32m -Djava.awt.headless=true --add-exports=java.base/jdk.internal.ref=ALL-UNNAMED --add-opens=java.base/java.lang=ALL-UNNAMED --add-opens=java.base/java.nio=ALL-UNNAMED --add-opens=java.base/sun.nio.ch=ALL-UNNAMED --add-opens=java.management/sun.management=ALL-UNNAMED --add-opens=jdk.management/com.sun.management.internal=ALL-UNNAMED -cp "..\..\..\lib\sonar-application-9.9.2.77730.jar" "org.sonar.application.App" 
2023-09-24 21:46:29,991 INFO  - Started process 14592
2023-09-24 21:46:29,995 DEBUG - Forwarding logs of the process System.Diagnostics.Process (java) to WinSW.IgnoreLogAppender
2023-09-24 21:47:35,694 DEBUG - Starting WinSW in service mode
2023-09-24 21:47:35,800 INFO  - Starting C:\Program Files\Java\jdk-21\bin\java.exe  -Xms8m -Xmx32m -Djava.awt.headless=true --add-exports=java.base/jdk.internal.ref=ALL-UNNAMED --add-opens=java.base/java.lang=ALL-UNNAMED --add-opens=java.base/java.nio=ALL-UNNAMED --add-opens=java.base/sun.nio.ch=ALL-UNNAMED --add-opens=java.management/sun.management=ALL-UNNAMED --add-opens=jdk.management/com.sun.management.internal=ALL-UNNAMED -cp "..\..\..\lib\sonar-application-9.9.2.77730.jar" "org.sonar.application.App" 
2023-09-24 21:47:35,854 INFO  - Started process 6596
2023-09-24 21:47:35,860 DEBUG - Forwarding logs of the process System.Diagnostics.Process (java) to WinSW.IgnoreLogAppender
2023-09-24 21:53:28,726 DEBUG - Starting WinSW in console mode
2023-09-24 22:03:05,696 DEBUG - Starting WinSW in console mode
2023-09-24 22:04:50,543 DEBUG - Starting WinSW in console mode
2023-09-24 22:11:49,512 DEBUG - Starting WinSW in console mode
2023-09-24 22:16:05,341 DEBUG - Starting WinSW in console mode
2023-09-24 22:16:49,257 DEBUG - Starting WinSW in console mode
2023-09-24 22:17:38,672 DEBUG - Starting WinSW in console mode
2023-09-24 22:18:23,555 DEBUG - Starting WinSW in console mode
2023-09-24 22:22:30,598 DEBUG - Starting WinSW in console mode
2023-09-24 22:22:37,678 DEBUG - Starting WinSW in console mode
2023-09-24 22:23:30,339 DEBUG - Starting WinSW in console mode
2023-09-24 22:23:53,499 DEBUG - Starting WinSW in console mode
2023-09-24 23:09:27,405 DEBUG - Starting WinSW in console mode
2023-09-24 23:12:27,635 DEBUG - Starting WinSW in console mode
2023-09-26 03:04:32,250 DEBUG - Starting WinSW in service mode
2023-09-26 03:04:32,319 INFO  - Starting C:\Java\Java\jdk-11  -Xms8m -Xmx32m -Djava.awt.headless=true --add-exports=java.base/jdk.internal.ref=ALL-UNNAMED --add-opens=java.base/java.lang=ALL-UNNAMED --add-opens=java.base/java.nio=ALL-UNNAMED --add-opens=java.base/sun.nio.ch=ALL-UNNAMED --add-opens=java.management/sun.management=ALL-UNNAMED --add-opens=jdk.management/com.sun.management.internal=ALL-UNNAMED -cp "..\..\..\lib\sonar-application-9.9.2.77730.jar" "org.sonar.application.App" 
2023-09-26 03:04:32,351 ERROR - Failed to start service.
System.ComponentModel.Win32Exception (0x80004005): O sistema não pode encontrar o arquivo especificado
   em System.Diagnostics.Process.StartWithCreateProcess(ProcessStartInfo startInfo)
   em WinSW.Util.ProcessHelper.StartProcessAndCallbackForExit(Process processToStart, String executable, String arguments, Dictionary`2 envVars, String workingDirectory, Nullable`1 priority, ProcessCompletionCallback callback, LogHandler logHandler, Boolean hideWindow)
   em WinSW.WrapperService.StartProcess(Process processToStart, String arguments, String executable, LogHandler logHandler)
   em WinSW.WrapperService.DoStart()
   em WinSW.WrapperService.OnStart(String[] args)
2023-09-29 04:20:18,905 DEBUG - Starting WinSW in service mode
2023-09-29 04:20:18,974 INFO  - Starting C:\Java\Java\jdk-11  -Xms8m -Xmx32m -Djava.awt.headless=true --add-exports=java.base/jdk.internal.ref=ALL-UNNAMED --add-opens=java.base/java.lang=ALL-UNNAMED --add-opens=java.base/java.nio=ALL-UNNAMED --add-opens=java.base/sun.nio.ch=ALL-UNNAMED --add-opens=java.management/sun.management=ALL-UNNAMED --add-opens=jdk.management/com.sun.management.internal=ALL-UNNAMED -cp "..\..\..\lib\sonar-application-9.9.2.77730.jar" "org.sonar.application.App" 
2023-09-29 04:20:19,012 ERROR - Failed to start service.
System.ComponentModel.Win32Exception (0x80004005): O sistema não pode encontrar o arquivo especificado
   em System.Diagnostics.Process.StartWithCreateProcess(ProcessStartInfo startInfo)
   em WinSW.Util.ProcessHelper.StartProcessAndCallbackForExit(Process processToStart, String executable, String arguments, Dictionary`2 envVars, String workingDirectory, Nullable`1 priority, ProcessCompletionCallback callback, LogHandler logHandler, Boolean hideWindow)
   em WinSW.WrapperService.StartProcess(Process processToStart, String arguments, String executable, LogHandler logHandler)
   em WinSW.WrapperService.DoStart()
   em WinSW.WrapperService.OnStart(String[] args)
2023-09-30 15:22:28,605 DEBUG - Starting WinSW in service mode
2023-09-30 15:22:28,674 INFO  - Starting C:\Java\Java\jdk-11  -Xms8m -Xmx32m -Djava.awt.headless=true --add-exports=java.base/jdk.internal.ref=ALL-UNNAMED --add-opens=java.base/java.lang=ALL-UNNAMED --add-opens=java.base/java.nio=ALL-UNNAMED --add-opens=java.base/sun.nio.ch=ALL-UNNAMED --add-opens=java.management/sun.management=ALL-UNNAMED --add-opens=jdk.management/com.sun.management.internal=ALL-UNNAMED -cp "..\..\..\lib\sonar-application-9.9.2.77730.jar" "org.sonar.application.App" 
2023-09-30 15:22:28,720 ERROR - Failed to start service.
System.ComponentModel.Win32Exception (0x80004005): O sistema não pode encontrar o arquivo especificado
   em System.Diagnostics.Process.StartWithCreateProcess(ProcessStartInfo startInfo)
   em WinSW.Util.ProcessHelper.StartProcessAndCallbackForExit(Process processToStart, String executable, String arguments, Dictionary`2 envVars, String workingDirectory, Nullable`1 priority, ProcessCompletionCallback callback, LogHandler logHandler, Boolean hideWindow)
   em WinSW.WrapperService.StartProcess(Process processToStart, String arguments, String executable, LogHandler logHandler)
   em WinSW.WrapperService.DoStart()
   em WinSW.WrapperService.OnStart(String[] args)
